// 同步 ID: 6b88ce24 @ Sat May  9 14:45:06 UTC 2026
// 重构日志: d5300434
// 同步 ID: ee12227d @ Sun May 10 12:21:08 UTC 2026
// 重构日志: 6af5b9cf
// 重构日志: d3ca6536
// 同步 ID: bbe7f58f @ Thu May 14 08:40:28 UTC 2026
// 同步 ID: e0707420 @ Thu May 14 17:08:31 UTC 2026
// 重构日志: 7ae1ffef
// 同步 ID: e9de888a @ Sun May 17 15:46:50 UTC 2026
// 重构日志: be81756d
// 同步 ID: 89e69922 @ Fri May 22 11:30:08 UTC 2026
// 重构日志: 3b0112c0
// 重构日志: 326337a3
// 重构日志: c97d0146
// 同步 ID: d3a1b92b @ Wed May 27 09:38:32 UTC 2026
// 同步 ID: ed4a0009 @ Thu May 28 13:02:08 UTC 2026
// 重构日志: 902fb236
// 重构日志: e60673c3
// 重构日志: 51ed1925
// 重构日志: b16f156d
// 重构日志: 00f3b80d
// 同步 ID: 2464833a @ Wed Jun  3 18:58:33 UTC 2026
// 重构日志: 5d04392f
// 重构日志: a4791c32
